<?xml version="1.0" encoding="UTF-8"?>
<coverage generated="1604882899677" clover="3.2.0">
  <project timestamp="1604882899677" name="All files">
    <metrics statements="2" coveredstatements="1" conditionals="0" coveredconditionals="0" methods="1" coveredmethods="0" elements="3" coveredelements="1" complexity="0" loc="2" ncloc="2" packages="1" files="2" classes="2"/>
    <file name="App.vue" path="/home/joao/Documentos/projetos-zrp/github-search/src/App.vue">
      <metrics statements="1" coveredstatements="1" conditionals="0" coveredconditionals="0" methods="0" coveredmethods="0"/>
      <line num="9" count="1" type="stmt"/>
    </file>
    <file name="main.js" path="/home/joao/Documentos/projetos-zrp/github-search/src/main.js">
      <metrics statements="1" coveredstatements="0" conditionals="0" coveredconditionals="0" methods="1" coveredmethods="0"/>
      <line num="4" count="0" type="stmt"/>
    </file>
  </project>
</coverage>
