{"/home/joao/Documentos/projetos-zrp/github-search/src/App.vue": {"path":"/home/joao/Documentos/projetos-zrp/github-search/src/App.vue","statementMap":{"0":{"start":{"line":9,"column":0},"end":{"line":9,"column":null}}},"fnMap":{},"branchMap":{},"s":{"0":1},"f":{},"b":{}}
,"/home/joao/Documentos/projetos-zrp/github-search/src/main.js": {"path":"/home/joao/Documentos/projetos-zrp/github-search/src/main.js","statementMap":{"0":{"start":{"line":4,"column":0},"end":{"line":4,"column":50}},"1":{"start":{"line":4,"column":25},"end":{"line":4,"column":31}}},"fnMap":{"0":{"name":"(anonymous_0)","decl":{"start":{"line":4,"column":18},"end":{"line":4,"column":19}},"loc":{"start":{"line":4,"column":25},"end":{"line":4,"column":31}},"line":4}},"branchMap":{},"s":{"0":0,"1":0},"f":{"0":0},"b":{},"hash":"38807fe1690c1b9d4a3b059dbd9bcada5f6f5ae7"}
}
